<?xml version="1.0" encoding="UTF-8"?>
<testng-results ignored="0" total="2" passed="1" failed="1" skipped="0">
  <reporter-output>
  </reporter-output>
  <suite started-at="2026-03-20T11:52:15 IST" name="Salesforce Automation Suite" finished-at="2026-03-20T11:52:52 IST" duration-ms="37674">
    <groups>
    </groups>
    <test started-at="2026-03-20T11:52:15 IST" name="Login Tests Valid and Invalid" finished-at="2026-03-20T11:52:52 IST" duration-ms="37674">
      <class name="com.salesforce.tests.InvalidLoginTest">
        <test-method is-config="true" signature="setUp()[pri:0, instance:com.salesforce.tests.InvalidLoginTest@9a7a808]" started-at="2026-03-20T11:52:45 IST" name="setUp" finished-at="2026-03-20T11:52:47 IST" duration-ms="2168" status="PASS">
          <reporter-output>
          </reporter-output>
        </test-method> <!-- setUp -->
        <test-method signature="invalidLoginTest()[pri:0, instance:com.salesforce.tests.InvalidLoginTest@9a7a808]" started-at="2026-03-20T11:52:47 IST" name="invalidLoginTest" description="Verify error message on login with invalid credentials" finished-at="2026-03-20T11:52:52 IST" duration-ms="4844" status="PASS">
          <reporter-output>
          </reporter-output>
        </test-method> <!-- invalidLoginTest -->
        <test-method is-config="true" signature="tearDown()[pri:0, instance:com.salesforce.tests.InvalidLoginTest@9a7a808]" started-at="2026-03-20T11:52:52 IST" name="tearDown" finished-at="2026-03-20T11:52:52 IST" duration-ms="438" status="PASS">
          <reporter-output>
          </reporter-output>
        </test-method> <!-- tearDown -->
      </class> <!-- com.salesforce.tests.InvalidLoginTest -->
      <class name="com.salesforce.tests.ValidLoginTest">
        <test-method is-config="true" signature="setUp()[pri:0, instance:com.salesforce.tests.ValidLoginTest@4a03bb68]" started-at="2026-03-20T11:52:15 IST" name="setUp" finished-at="2026-03-20T11:52:36 IST" duration-ms="21072" status="PASS">
          <reporter-output>
          </reporter-output>
        </test-method> <!-- setUp -->
        <test-method signature="validLoginTest()[pri:0, instance:com.salesforce.tests.ValidLoginTest@4a03bb68]" started-at="2026-03-20T11:52:36 IST" name="validLoginTest" description="Verify successful login with valid credentials" finished-at="2026-03-20T11:52:44 IST" duration-ms="8312" status="FAIL">
          <exception class="java.lang.AssertionError">
            <message>
              <![CDATA[Login failed: Still on login-related page expected [false] but found [true]]]>
            </message>
            <full-stacktrace>
              <![CDATA[java.lang.AssertionError: Login failed: Still on login-related page expected [false] but found [true]
at org.testng.Assert.fail(Assert.java:111)
at org.testng.Assert.failNotEquals(Assert.java:1578)
at org.testng.Assert.assertFalse(Assert.java:79)
at com.salesforce.tests.ValidLoginTest.validLoginTest(ValidLoginTest.java:24)
at java.base/jdk.internal.reflect.DirectMethodHandleAccessor.invoke(DirectMethodHandleAccessor.java:103)
at java.base/java.lang.reflect.Method.invoke(Method.java:580)
at org.testng.internal.invokers.MethodInvocationHelper.invokeMethod(MethodInvocationHelper.java:139)
at org.testng.internal.invokers.TestInvoker.invokeMethod(TestInvoker.java:664)
at org.testng.internal.invokers.TestInvoker.invokeTestMethod(TestInvoker.java:228)
at org.testng.internal.invokers.MethodRunner.runInSequence(MethodRunner.java:63)
at org.testng.internal.invokers.TestInvoker$MethodInvocationAgent.invoke(TestInvoker.java:961)
at org.testng.internal.invokers.TestInvoker.invokeTestMethods(TestInvoker.java:201)
at org.testng.internal.invokers.TestMethodWorker.invokeTestMethods(TestMethodWorker.java:148)
at org.testng.internal.invokers.TestMethodWorker.run(TestMethodWorker.java:128)
at java.base/java.util.ArrayList.forEach(ArrayList.java:1596)
at org.testng.TestRunner.privateRun(TestRunner.java:819)
at org.testng.TestRunner.run(TestRunner.java:619)
at org.testng.SuiteRunner.runTest(SuiteRunner.java:443)
at org.testng.SuiteRunner.runSequentially(SuiteRunner.java:437)
at org.testng.SuiteRunner.privateRun(SuiteRunner.java:397)
at org.testng.SuiteRunner.run(SuiteRunner.java:336)
at org.testng.SuiteRunnerWorker.runSuite(SuiteRunnerWorker.java:52)
at org.testng.SuiteRunnerWorker.run(SuiteRunnerWorker.java:95)
at org.testng.TestNG.runSuitesSequentially(TestNG.java:1301)
at org.testng.TestNG.runSuitesLocally(TestNG.java:1228)
at org.testng.TestNG.runSuites(TestNG.java:1134)
at org.testng.TestNG.run(TestNG.java:1101)
at org.apache.maven.surefire.testng.TestNGExecutor.run(TestNGExecutor.java:308)
at org.apache.maven.surefire.testng.TestNGXmlTestSuite.execute(TestNGXmlTestSuite.java:71)
at org.apache.maven.surefire.testng.TestNGProvider.invoke(TestNGProvider.java:113)
at org.apache.maven.surefire.booter.ForkedBooter.runSuitesInProcess(ForkedBooter.java:385)
at org.apache.maven.surefire.booter.ForkedBooter.execute(ForkedBooter.java:162)
at org.apache.maven.surefire.booter.ForkedBooter.run(ForkedBooter.java:507)
at org.apache.maven.surefire.booter.ForkedBooter.main(ForkedBooter.java:495)
]]>
            </full-stacktrace>
          </exception> <!-- java.lang.AssertionError -->
          <reporter-output>
          </reporter-output>
        </test-method> <!-- validLoginTest -->
        <test-method is-config="true" signature="tearDown()[pri:0, instance:com.salesforce.tests.ValidLoginTest@4a03bb68]" started-at="2026-03-20T11:52:45 IST" name="tearDown" finished-at="2026-03-20T11:52:45 IST" duration-ms="450" status="PASS">
          <reporter-output>
          </reporter-output>
        </test-method> <!-- tearDown -->
      </class> <!-- com.salesforce.tests.ValidLoginTest -->
    </test> <!-- Login Tests Valid and Invalid -->
  </suite> <!-- Salesforce Automation Suite -->
</testng-results>
