<?xml version="1.0" encoding="UTF-8"?>
<!-- Generated by org.testng.reporters.JUnitXMLReporter -->
<testsuite ignored="0" hostname="LAPTOP-UOC79S8K" failures="1" tests="2" name="Login Tests Valid and Invalid" time="37.674" errors="0" timestamp="2026-03-20T11:52:53 IST">
  <testcase classname="com.salesforce.tests.ValidLoginTest" name="validLoginTest" time="8.312">
    <failure type="java.lang.AssertionError" message="Login failed: Still on login-related page expected [false] but found [true]">
      <![CDATA[java.lang.AssertionError: Login failed: Still on login-related page expected [false] but found [true]
at com.salesforce.tests.ValidLoginTest.validLoginTest(ValidLoginTest.java:24)
at java.base/java.util.ArrayList.forEach(ArrayList.java:1596)
... Removed 32 stack frames]]>
    </failure>
  </testcase> <!-- validLoginTest -->
  <testcase classname="com.salesforce.tests.InvalidLoginTest" name="invalidLoginTest" time="4.844"/>
</testsuite> <!-- Login Tests Valid and Invalid -->
